<?xml version="1.0" encoding="UTF-8"?>
<testsuite xmlns:xsi="http://www.w3.org/2001/XMLSchema-instance" xsi:noNamespaceSchemaLocation="https://maven.apache.org/surefire/maven-surefire-plugin/xsd/surefire-test-report.xsd" name="tests.TestDataTable" time="0.001" tests="5" errors="0" skipped="0" failures="0">
  <properties>
[...]
</properties>
  <testcase name="testGetFileTag" classname="tests.TestDataTable" time="0"/>
  <testcase name="testGetFileName" classname="tests.TestDataTable" time="0"/>
  <testcase name="testGetTagDescription" classname="tests.TestDataTable" time="0"/>
  <testcase name="testGetSpreadVisualizationLink" classname="tests.TestDataTable" time="0"/>
  <testcase name="testGetFileTimeStamp" classname="tests.TestDataTable" time="0"/>
</testsuite>